\BOOKMARK [0][-]{chapter*.5}{Abstract}{}% 1
\BOOKMARK [0][-]{chapter.1}{Getting Started}{}% 2
\BOOKMARK [1][-]{section.1.1}{Using Linux}{chapter.1}% 3
\BOOKMARK [1][-]{section.1.2}{Using MS Windows}{chapter.1}% 4
\BOOKMARK [2][-]{subsection.1.2.1}{IDE}{section.1.2}% 5
\BOOKMARK [2][-]{subsection.1.2.2}{Support in MS-Windows}{section.1.2}% 6
\BOOKMARK [2][-]{subsection.1.2.3}{Command Line Support}{section.1.2}% 7
\BOOKMARK [3][-]{section*.6}{Option 1: pdflatex}{subsection.1.2.3}% 8
\BOOKMARK [3][-]{section*.7}{Option 2: texify then dvipdfm}{subsection.1.2.3}% 9
\BOOKMARK [3][-]{section*.8}{Option 3: Using texify then GhostView}{subsection.1.2.3}% 10
\BOOKMARK [1][-]{section.1.3}{Using Macs}{chapter.1}% 11
\BOOKMARK [1][-]{section.1.4}{Tutorials, etc.}{chapter.1}% 12
\BOOKMARK [1][-]{section.1.5}{Quick Start Guide}{chapter.1}% 13
\BOOKMARK [0][-]{chapter.2}{Introduction to the Acadia Style}{}% 14
\BOOKMARK [0][-]{chapter.3}{Formatting Points of Interest}{}% 15
\BOOKMARK [1][-]{section.3.1}{One or Two Sides?}{chapter.3}% 16
\BOOKMARK [1][-]{section.3.2}{Emphasis}{chapter.3}% 17
\BOOKMARK [1][-]{section.3.3}{Spacing}{chapter.3}% 18
\BOOKMARK [1][-]{section.3.4}{Controlling automatic spacing and hyphenation}{chapter.3}% 19
\BOOKMARK [0][-]{chapter.4}{Sectioning}{}% 20
\BOOKMARK [1][-]{section.4.1}{A Sample Section}{chapter.4}% 21
\BOOKMARK [2][-]{subsection.4.1.1}{A sample SUBSECTION}{section.4.1}% 22
\BOOKMARK [3][-]{section*.9}{And a SUBSUBSECTION}{subsection.4.1.1}% 23
\BOOKMARK [4][-]{section*.10}{PARAGRAPH 1}{section*.9}% 24
\BOOKMARK [5][-]{section*.11}{SUBPARAGRAPH Label}{section*.10}% 25
\BOOKMARK [1][-]{section.4.2}{Custom ``Environments''}{chapter.4}% 26
\BOOKMARK [1][-]{section.4.3}{Cross-Referencing Sections}{chapter.4}% 27
\BOOKMARK [0][-]{chapter.5}{Acronyms and Lists}{}% 28
\BOOKMARK [1][-]{section.5.1}{Defining an Acronym Command}{chapter.5}% 29
\BOOKMARK [1][-]{section.5.2}{Examples of Lists}{chapter.5}% 30
\BOOKMARK [0][-]{chapter.6}{Citations}{}% 31
\BOOKMARK [0][-]{chapter.7}{Creating and Including Graphics}{}% 32
\BOOKMARK [1][-]{section.7.1}{Types of Graphics}{chapter.7}% 33
\BOOKMARK [1][-]{section.7.2}{Including External Graphics}{chapter.7}% 34
\BOOKMARK [2][-]{subsection.7.2.1}{Graphics File Types}{section.7.2}% 35
\BOOKMARK [1][-]{section.7.3}{Internal Graphics}{chapter.7}% 36
\BOOKMARK [0][-]{chapter.8}{Figures and Tables}{}% 37
\BOOKMARK [1][-]{section.8.1}{Floats}{chapter.8}% 38
\BOOKMARK [1][-]{section.8.2}{Figures and Tables}{chapter.8}% 39
\BOOKMARK [0][-]{chapter.9}{Some Fine Points of Typesetting}{}% 40
\BOOKMARK [1][-]{section.9.1}{Non-Breakable Spaces}{chapter.9}% 41
\BOOKMARK [1][-]{section.9.2}{Inter-Sentence Spacing}{chapter.9}% 42
\BOOKMARK [1][-]{section.9.3}{Hyphens and Dashes}{chapter.9}% 43
\BOOKMARK [1][-]{section.9.4}{Clubs and Widows}{chapter.9}% 44
\BOOKMARK [0][-]{chapter.10}{Algorithms and Listings}{}% 45
\BOOKMARK [1][-]{section.10.1}{Algorithms}{chapter.10}% 46
\BOOKMARK [1][-]{section.10.2}{Listings}{chapter.10}% 47
\BOOKMARK [0][-]{chapter.11}{Packages}{}% 48
\BOOKMARK [0][-]{appendix.A}{Web sites}{}% 49
\BOOKMARK [0][-]{appendix*.24}{Bibliography}{}% 50
